<?xml version="1.0" encoding="UTF-8"?>
<robot generator="Robot 6.1 (Python 3.11.3 on win32)" generated="20231101 22:46:43.283" rpa="false" schemaversion="4">
<suite id="s1" name="First" source="C:\Users\ADMIN\PycharmProjects\robotautomation\fresh_start\First.robot">
<test id="s1-t1" name="Open Google &amp; Verify Google" line="8">
<kw name="Open Browser" library="SeleniumLibrary">
<arg>https://www.google.com</arg>
<arg>browser=chrome</arg>
<doc>Opens a new browser instance to the optional ``url``.</doc>
<msg timestamp="20231101 22:46:44.089" level="INFO">Opening browser 'chrome' to base url 'https://www.google.com'.</msg>
<status status="PASS" starttime="20231101 22:46:44.089" endtime="20231101 22:46:52.802"/>
</kw>
<kw name="Get Title" library="SeleniumLibrary">
<var>${Get_title}</var>
<doc>Returns the title of the current page.</doc>
<msg timestamp="20231101 22:46:52.820" level="INFO">${Get_title} = Google</msg>
<status status="PASS" starttime="20231101 22:46:52.804" endtime="20231101 22:46:52.820"/>
</kw>
<kw name="Should Be Equal As Strings" library="BuiltIn">
<arg>${Get_title}</arg>
<arg>Google</arg>
<doc>Fails if objects are unequal after converting them to strings.</doc>
<status status="PASS" starttime="20231101 22:46:52.821" endtime="20231101 22:46:52.822"/>
</kw>
<kw name="Close Browser" library="SeleniumLibrary">
<doc>Closes the current browser.</doc>
<status status="PASS" starttime="20231101 22:46:52.824" endtime="20231101 22:46:55.324"/>
</kw>
<status status="PASS" starttime="20231101 22:46:44.089" endtime="20231101 22:46:55.324"/>
</test>
<doc>My First Test
This test will Verify Google</doc>
<status status="PASS" starttime="20231101 22:46:43.283" endtime="20231101 22:46:55.324"/>
</suite>
<statistics>
<total>
<stat pass="1" fail="0" skip="0">All Tests</stat>
</total>
<tag>
</tag>
<suite>
<stat pass="1" fail="0" skip="0" id="s1" name="First">First</stat>
</suite>
</statistics>
<errors>
</errors>
</robot>
